2024-06-01 17:53:22 [@ULSA-B103-P01]
Interno #1: Ejecutar contract
2024-06-04 14:24:58 [@ULSA-B103-P01]
Interno #1: Ejecutar infocom
2024-06-04 14:25:29 [@ULSA-B103-P01]
Interno #1: Ejecutar mailgate
2024-06-04 14:26:19 [@ULSA-B103-P01]
Interno #1: Ejecutar session
2024-06-04 14:33:45 [@ULSA-B103-P01]
Interno #1: Ejecutar graph
2024-06-04 14:33:48 [@ULSA-B103-P01]
Interno #1: Ejecutar reservation
2024-06-04 14:33:49 [@ULSA-B103-P01]
Interno #1: Ejecutar closeticket
2024-06-04 14:33:50 [@ULSA-B103-P01]
Interno #1: Ejecutar alertnotclosed
2024-06-04 14:33:51 [@ULSA-B103-P01]
Interno #1: Ejecutar slaticket
2024-06-04 14:33:52 [@ULSA-B103-P01]
Interno #1: Ejecutar createinquest
2024-06-04 14:33:53 [@ULSA-B103-P01]
Interno #1: Ejecutar watcher
2024-06-04 14:34:05 [@ULSA-B103-P01]
Interno #1: Lanzar RecurrentItems
2024-06-04 14:35:33 [@ULSA-B103-P01]
Interno #1: Ejecutar planningrecall
2024-06-04 14:41:07 [@ULSA-B103-P01]
Interno #1: Ejecutar queuednotification
2024-06-04 14:48:51 [@ULSA-B103-P01]
Interno #1: Ejecutar queuednotificationclean
2024-06-04 14:48:56 [@ULSA-B103-P01]
Interno #1: Ejecutar temp
2024-06-04 14:49:02 [@ULSA-B103-P01]
Interno #1: Ejecutar mailgateerror
2024-06-04 14:49:35 [@ULSA-B103-P01]
Interno #1: Ejecutar certificate
2024-06-04 14:52:15 [@ULSA-B103-P01]
Interno #1: Ejecutar olaticket
2024-06-04 15:11:54 [@ULSA-B103-P01]
Interno #1: Ejecutar contract
2024-06-04 15:11:56 [@ULSA-B103-P01]
Interno #1: Ejecutar mailgate
2024-06-04 15:12:02 [@ULSA-B103-P01]
Interno #1: Ejecutar slaticket
2024-06-04 15:12:03 [@ULSA-B103-P01]
Interno #1: Ejecutar planningrecall
2024-06-04 15:12:03 [@ULSA-B103-P01]
Interno #1: Ejecutar queuednotification
2024-06-04 15:12:16 [@ULSA-B103-P01]
Interno #1: Ejecutar olaticket
2024-06-04 15:12:18 [@ULSA-B103-P01]
Interno #1: Nada que ejecutar
2024-06-04 15:12:19 [@ULSA-B103-P01]
Interno #1: Nada que ejecutar
2024-06-04 15:12:20 [@ULSA-B103-P01]
Interno #1: Nada que ejecutar
2024-06-04 15:12:22 [@ULSA-B103-P01]
Interno #1: Nada que ejecutar
2024-06-04 15:12:32 [@ULSA-B103-P01]
Interno #1: Nada que ejecutar
2024-06-04 15:12:33 [@ULSA-B103-P01]
Interno #1: Nada que ejecutar
2024-06-04 15:12:34 [@ULSA-B103-P01]
Interno #1: Nada que ejecutar
2024-06-04 15:12:34 [@ULSA-B103-P01]
Interno #1: Nada que ejecutar
2024-06-04 15:18:15 [@ULSA-B103-P01]
Interno #1: Ejecutar queuednotification
2024-06-04 15:18:16 [@ULSA-B103-P01]
Interno #1: Ejecutar slaticket
2024-06-04 15:18:17 [@ULSA-B103-P01]
Interno #1: Ejecutar planningrecall
2024-06-04 15:18:18 [@ULSA-B103-P01]
Interno #1: Ejecutar olaticket
2024-06-04 15:18:19 [@ULSA-B103-P01]
Interno #1: Nada que ejecutar
2024-06-04 15:18:19 [@ULSA-B103-P01]
Interno #1: Nada que ejecutar
2024-06-04 15:18:20 [@ULSA-B103-P01]
Interno #1: Nada que ejecutar
2024-06-04 15:21:10 [@ULSA-B103-P01]
Interno #1: Ejecutar queuednotification
2024-06-04 15:21:30 [@ULSA-B103-P01]
Interno #1: Ejecutar mailgate
2024-06-04 15:49:55 [@ULSA-B103-P01]
Interno #1: Ejecutar queuednotification
2024-06-04 16:48:40 [@ULSA-B103-P01]
Interno #1: Ejecutar slaticket
2024-06-04 16:48:49 [@ULSA-B103-P01]
Interno #1: Ejecutar planningrecall
2024-06-04 16:51:35 [@ULSA-B103-P01]
Interno #1: Ejecutar olaticket
2024-06-04 17:54:41 [@ULSA-B103-P01]
Interno #1: Ejecutar mailgate
2024-06-04 19:09:11 [@ULSA-B103-P01]
Interno #1: Ejecutar graph
2024-06-04 19:20:58 [@ULSA-B103-P01]
Interno #1: Ejecutar reservation
2024-06-04 19:24:20 [@ULSA-B103-P01]
Interno #1: Ejecutar RecurrentItems
2024-06-04 19:24:21 [@ULSA-B103-P01]
Interno #1: Ejecutar temp
2024-06-04 19:24:22 [@ULSA-B103-P01]
Interno #1: Ejecutar queuednotification
2024-06-04 19:27:37 [@ULSA-B103-P01]
Interno #1: Ejecutar slaticket
2024-06-04 19:27:38 [@ULSA-B103-P01]
Interno #1: Ejecutar planningrecall
2024-06-04 19:27:39 [@ULSA-B103-P01]
Interno #1: Ejecutar olaticket
2024-06-04 19:27:54 [@ULSA-B103-P01]
Interno #1: Ejecutar mailgate
2024-06-04 19:28:17 [@ULSA-B103-P01]
Interno #1: Ejecutar queuednotification
2024-06-04 19:28:23 [@ULSA-B103-P01]
Interno #1: Nada que ejecutar
2024-06-04 19:29:22 [@ULSA-B103-P01]
Interno #1: Ejecutar queuednotification
2024-06-04 19:44:45 [@ULSA-B103-P01]
Interno #1: Ejecutar queuednotification
2024-06-04 19:44:47 [@ULSA-B103-P01]
Interno #1: Ejecutar slaticket
2024-06-04 19:45:01 [@ULSA-B103-P01]
Interno #1: Ejecutar planningrecall
2024-06-04 19:45:18 [@ULSA-B103-P01]
Interno #1: Ejecutar olaticket
2024-06-04 19:45:45 [@ULSA-B103-P01]
Interno #1: Ejecutar mailgate
2024-06-04 19:51:40 [@ULSA-B103-P01]
Interno #1: Ejecutar queuednotification
2024-06-04 19:51:42 [@ULSA-B103-P01]
Interno #1: Ejecutar slaticket
2024-06-04 19:51:42 [@ULSA-B103-P01]
Interno #1: Ejecutar planningrecall
2024-06-04 19:51:43 [@ULSA-B103-P01]
Interno #1: Ejecutar olaticket
2024-06-04 19:51:53 [@ULSA-B103-P01]
Interno #1: Nada que ejecutar
2024-06-04 19:51:55 [@ULSA-B103-P01]
Interno #1: Nada que ejecutar
2024-06-04 19:52:08 [@ULSA-B103-P01]
Interno #1: Ejecutar queuednotification
2024-06-04 19:52:28 [@ULSA-B103-P01]
Interno #1: Nada que ejecutar
2024-06-04 19:55:46 [@ULSA-B103-P01]
Interno #1: Ejecutar queuednotification
2024-06-04 20:03:05 [@ULSA-B103-P01]
Interno #1: Ejecutar mailgate
2024-06-04 20:03:06 [@ULSA-B103-P01]
Interno #1: Ejecutar slaticket
2024-06-04 20:03:07 [@ULSA-B103-P01]
Interno #1: Ejecutar planningrecall
2024-06-04 20:03:08 [@ULSA-B103-P01]
Interno #1: Ejecutar queuednotification
2024-06-04 20:04:49 [@ULSA-B103-P01]
Interno #1: Ejecutar olaticket
2024-06-04 20:13:19 [@ULSA-B103-P01]
Interno #1: Ejecutar queuednotification
2024-06-04 20:13:21 [@ULSA-B103-P01]
Interno #1: Ejecutar slaticket
2024-06-04 20:13:57 [@ULSA-B103-P01]
Interno #1: Ejecutar planningrecall
2024-06-04 20:13:58 [@ULSA-B103-P01]
Interno #1: Ejecutar graph
2024-06-04 20:14:18 [@ULSA-B103-P01]
Interno #1: Ejecutar olaticket
2024-06-04 20:14:19 [@ULSA-B103-P01]
Interno #1: Ejecutar mailgate
2024-06-04 20:14:33 [@ULSA-B103-P01]
Interno #1: Ejecutar queuednotification
2024-06-04 20:14:34 [@ULSA-B103-P01]
Interno #1: Nada que ejecutar
2024-06-04 20:14:51 [@ULSA-B103-P01]
Interno #1: Nada que ejecutar
2024-06-04 20:14:52 [@ULSA-B103-P01]
Interno #1: Nada que ejecutar
2024-06-04 20:14:52 [@ULSA-B103-P01]
Interno #1: Nada que ejecutar
2024-06-04 20:14:53 [@ULSA-B103-P01]
Interno #1: Nada que ejecutar
2024-06-04 20:14:53 [@ULSA-B103-P01]
Interno #1: Nada que ejecutar
2024-06-04 20:15:02 [@ULSA-B103-P01]
Interno #1: Ejecutar queuednotification
2024-06-04 20:15:03 [@ULSA-B103-P01]
Interno #1: Nada que ejecutar
2024-06-04 20:15:04 [@ULSA-B103-P01]
Interno #1: Nada que ejecutar
2024-06-04 20:15:04 [@ULSA-B103-P01]
Interno #1: Nada que ejecutar
2024-06-04 20:16:05 [@ULSA-B103-P01]
Interno #1: Ejecutar queuednotification
2024-06-04 20:16:07 [@ULSA-B103-P01]
Interno #1: Nada que ejecutar
2024-06-04 20:16:57 [@ULSA-B103-P01]
Interno #1: Nada que ejecutar
2024-06-04 20:16:58 [@ULSA-B103-P01]
Interno #1: Nada que ejecutar
2024-06-04 20:17:10 [@ULSA-B103-P01]
Interno #1: Ejecutar queuednotification
2024-06-04 20:17:12 [@ULSA-B103-P01]
Interno #1: Nada que ejecutar
2024-06-04 20:21:07 [@ULSA-B103-P01]
Interno #1: Ejecutar slaticket
2024-06-04 20:21:43 [@ULSA-B103-P01]
Interno #1: Ejecutar planningrecall
2024-06-04 20:22:56 [@ULSA-B103-P01]
Interno #1: Ejecutar queuednotification
2024-06-04 20:22:57 [@ULSA-B103-P01]
Interno #1: Ejecutar olaticket
2024-06-04 20:23:14 [@ULSA-B103-P01]
Interno #1: Ejecutar reservation
2024-06-04 20:23:15 [@ULSA-B103-P01]
Interno #1: Ejecutar queuednotification
2024-06-04 20:23:15 [@ULSA-B103-P01]
Interno #1: Nada que ejecutar
2024-06-04 20:23:20 [@ULSA-B103-P01]
Interno #1: Nada que ejecutar
2024-06-04 20:23:21 [@ULSA-B103-P01]
Interno #1: Nada que ejecutar
2024-06-04 20:23:43 [@ULSA-B103-P01]
Interno #1: Nada que ejecutar
2024-06-04 20:23:56 [@ULSA-B103-P01]
Interno #1: Nada que ejecutar
2024-06-04 20:23:57 [@ULSA-B103-P01]
Interno #1: Nada que ejecutar
2024-06-04 20:23:57 [@ULSA-B103-P01]
Interno #1: Nada que ejecutar
2024-06-04 20:23:58 [@ULSA-B103-P01]
Interno #1: Nada que ejecutar
2024-06-04 20:25:14 [@ULSA-B103-P01]
Interno #1: Ejecutar mailgate
2024-06-04 20:25:55 [@ULSA-B103-P01]
Interno #1: Ejecutar RecurrentItems
2024-06-04 20:27:29 [@ULSA-B103-P01]
Interno #1: Ejecutar queuednotification
2024-06-04 20:27:56 [@ULSA-B103-P01]
Interno #1: Ejecutar temp
2024-06-04 20:28:24 [@ULSA-B103-P01]
Interno #1: Ejecutar slaticket
2024-06-04 20:30:06 [@ULSA-B103-P01]
Interno #1: Ejecutar planningrecall
2024-06-04 20:30:15 [@ULSA-B103-P01]
Interno #1: Ejecutar olaticket
2024-06-04 20:31:11 [@ULSA-B103-P01]
Interno #1: Ejecutar queuednotification
2024-06-04 20:31:37 [@ULSA-B103-P01]
Interno #1: Nada que ejecutar
2024-06-04 20:31:46 [@ULSA-B103-P01]
Interno #1: Nada que ejecutar
2024-06-04 20:32:17 [@ULSA-B103-P01]
Interno #1: Ejecutar queuednotification
2024-06-04 20:39:41 [@ULSA-B103-P01]
Interno #1: Ejecutar slaticket
2024-06-04 20:39:54 [@ULSA-B103-P01]
Interno #1: Ejecutar queuednotification
2024-06-04 20:39:56 [@ULSA-B103-P01]
Interno #1: Ejecutar mailgate
2024-06-04 20:39:57 [@ULSA-B103-P01]
Interno #1: Ejecutar planningrecall
2024-06-04 20:39:58 [@ULSA-B103-P01]
Interno #1: Ejecutar olaticket
2024-06-04 20:39:59 [@ULSA-B103-P01]
Interno #1: Nada que ejecutar
2024-06-04 20:40:07 [@ULSA-B103-P01]
Interno #1: Lanzar queuednotification
2024-06-04 20:40:46 [@ULSA-B103-P01]
Interno #1: Nada que lanzar
2024-06-04 20:41:18 [@ULSA-B103-P01]
Interno #1: Ejecutar queuednotification
2024-06-04 20:41:19 [@ULSA-B103-P01]
Interno #1: Nada que ejecutar
2024-06-04 20:41:20 [@ULSA-B103-P01]
Interno #1: Nada que ejecutar
2024-06-04 20:41:21 [@ULSA-B103-P01]
Interno #1: Nada que ejecutar
2024-06-04 20:41:21 [@ULSA-B103-P01]
Interno #1: Nada que ejecutar
2024-06-04 20:41:22 [@ULSA-B103-P01]
Interno #1: Nada que ejecutar
2024-06-04 20:41:23 [@ULSA-B103-P01]
Interno #1: Nada que ejecutar
2024-06-04 20:41:23 [@ULSA-B103-P01]
Interno #1: Nada que ejecutar
2024-06-04 20:41:23 [@ULSA-B103-P01]
Interno #1: Nada que ejecutar
2024-06-04 20:41:24 [@ULSA-B103-P01]
Interno #1: Nada que ejecutar
2024-06-04 20:41:48 [@ULSA-B103-P01]
Interno #1: Nada que ejecutar
2024-06-04 20:42:03 [@ULSA-B103-P01]
Interno #1: Ejecutar queuednotification
2024-06-04 20:42:16 [@ULSA-B103-P01]
Interno #1: Nada que ejecutar
2024-06-04 20:42:25 [@ULSA-B103-P01]
Interno #1: Nada que ejecutar
2024-06-04 20:43:18 [@ULSA-B103-P01]
Interno #1: Lanzar queuednotification
2024-06-04 20:44:28 [@ULSA-B103-P01]
Interno #1: Ejecutar slaticket
2024-06-04 20:44:31 [@ULSA-B103-P01]
Interno #1: Lanzar planningrecall
2024-06-04 20:48:38 [@ULSA-B103-P01]
Interno #1: Lanzar queuednotification
2024-06-04 20:49:23 [@ULSA-B103-P01]
Interno #1: Lanzar olaticket
2024-06-04 20:50:08 [@ULSA-B103-P01]
Interno #1: Lanzar mailgate
2024-06-04 20:50:25 [@ULSA-B103-P01]
Interno #1: Lanzar slaticket
2024-06-04 20:57:47 [@ULSA-B103-P01]
Interno #1: Lanzar planningrecall
2024-06-04 20:57:48 [@ULSA-B103-P01]
Interno #1: Lanzar queuednotification
2024-06-04 20:58:05 [@ULSA-B103-P01]
Interno #1: Lanzar olaticket
2024-06-04 20:59:06 [@ULSA-B103-P01]
Interno #1: Lanzar slaticket
2024-06-04 20:59:08 [@ULSA-B103-P01]
Interno #1: Lanzar queuednotification
2024-06-04 21:00:47 [@ULSA-B103-P01]
Interno #1: Lanzar mailgate
2024-06-04 21:02:55 [@ULSA-B103-P01]
Interno #1: Lanzar queuednotification
2024-06-04 21:03:49 [@ULSA-B103-P01]
Interno #1: Lanzar planningrecall
2024-06-04 21:04:32 [@ULSA-B103-P01]
Interno #1: Lanzar queuednotification
2024-06-04 21:05:55 [@ULSA-B103-P01]
Interno #1: Ejecutar olaticket
2024-06-04 21:13:16 [@ULSA-B103-P01]
Interno #1: Ejecutar slaticket
2024-06-04 21:15:57 [@ULSA-B103-P01]
Interno #1: Ejecutar queuednotification
2024-06-04 21:16:52 [@ULSA-B103-P01]
Interno #1: Ejecutar planningrecall
2024-06-04 21:18:40 [@ULSA-B103-P01]
Interno #1: Ejecutar mailgate
2024-06-04 21:18:57 [@ULSA-B103-P01]
Interno #1: Ejecutar olaticket
2024-06-05 16:34:50 [@ULSA-B103-P01]
Interno #1: Ejecutar graph
2024-06-05 16:56:01 [@ULSA-B103-P01]
Interno #1: Ejecutar queuednotification
2024-06-05 16:56:03 [@ULSA-B103-P01]
Interno #1: Ejecutar slaticket
2024-06-05 16:56:18 [@ULSA-B103-P01]
Interno #1: Ejecutar planningrecall
2024-06-05 17:06:26 [@ULSA-B103-P01]
Interno #1: Ejecutar reservation
2024-06-05 17:06:44 [@ULSA-B103-P01]
Interno #1: Ejecutar olaticket
2024-06-05 17:07:11 [@ULSA-B103-P01]
Interno #1: Ejecutar RecurrentItems
2024-06-05 17:07:24 [@ULSA-B103-P01]
Interno #1: Ejecutar temp
2024-06-05 17:07:37 [@ULSA-B103-P01]
Interno #1: Lanzar mailgate
2024-06-05 17:07:41 [@ULSA-B103-P01]
Interno #1: Lanzar closeticket
2024-06-05 17:12:56 [@ULSA-B103-P01]
Interno #1: Ejecutar alertnotclosed
2024-06-05 17:13:23 [@ULSA-B103-P01]
Interno #1: Ejecutar infocom
2024-06-05 17:51:32 [@ULSA-B103-P01]
Interno #1: Ejecutar session
2024-06-05 17:54:06 [@ULSA-B103-P01]
Interno #1: Ejecutar createinquest
2024-06-05 19:07:28 [@ULSA-B103-P01]
Interno #1: Ejecutar watcher
2024-06-05 19:11:56 [@ULSA-B103-P01]
Interno #1: Ejecutar queuednotificationclean
2024-06-05 19:12:29 [@ULSA-B103-P01]
Interno #1: Ejecutar mailgateerror
2024-06-05 19:12:59 [@ULSA-B103-P01]
Interno #1: Ejecutar certificate
2024-06-05 19:14:02 [@ULSA-B103-P01]
Interno #1: Ejecutar contract
2024-06-05 19:14:04 [@ULSA-B103-P01]
Interno #1: Ejecutar queuednotification
2024-06-05 19:14:22 [@ULSA-B103-P01]
Interno #1: Ejecutar slaticket
2024-06-05 19:16:02 [@ULSA-B103-P01]
Interno #1: Ejecutar planningrecall
2024-06-05 19:17:32 [@ULSA-B103-P01]
Interno #1: Ejecutar olaticket
2024-06-05 19:17:33 [@ULSA-B103-P01]
Interno #1: Ejecutar mailgate
2024-06-05 19:17:39 [@ULSA-B103-P01]
Interno #1: Ejecutar graph
2024-06-05 19:17:40 [@ULSA-B103-P01]
Interno #1: Ejecutar reservation
2024-06-05 19:18:03 [@ULSA-B103-P01]
Interno #1: Ejecutar RecurrentItems
2024-06-05 19:19:50 [@ULSA-B103-P01]
Interno #1: Ejecutar temp
2024-06-05 19:23:59 [@ULSA-B103-P01]
Interno #1: Ejecutar queuednotification
2024-06-05 19:24:43 [@ULSA-B103-P01]
Interno #1: Ejecutar slaticket
2024-06-05 19:26:37 [@ULSA-B103-P01]
Interno #1: Ejecutar planningrecall
2024-06-05 19:26:51 [@ULSA-B103-P01]
Interno #1: Ejecutar olaticket
2024-06-05 19:27:27 [@ULSA-B103-P01]
Interno #1: Ejecutar queuednotification
2024-06-05 19:30:00 [@ULSA-B103-P01]
Interno #1: Ejecutar mailgate
2024-06-05 19:30:41 [@ULSA-B103-P01]
Interno #1: Ejecutar queuednotification
2024-06-05 20:07:51 [@ULSA-B103-P01]
Interno #1: Ejecutar slaticket
2024-06-05 20:08:20 [@ULSA-B103-P01]
Interno #1: Ejecutar planningrecall
2024-06-05 20:08:27 [@ULSA-B103-P01]
Interno #1: Ejecutar queuednotification
2024-06-05 20:08:39 [@ULSA-B103-P01]
Interno #1: Ejecutar olaticket
2024-06-05 20:10:27 [@ULSA-B103-P01]
Interno #1: Ejecutar mailgate
2024-06-05 20:10:41 [@ULSA-B103-P01]
Interno #1: Ejecutar queuednotification
2024-06-05 20:10:48 [@ULSA-B103-P01]
Interno #1: Nada que ejecutar
2024-06-05 20:10:51 [@ULSA-B103-P01]
Interno #1: Nada que ejecutar
2024-06-05 20:12:05 [@ULSA-B103-P01]
Interno #1: Ejecutar queuednotification
2024-06-05 20:12:26 [@ULSA-B103-P01]
Interno #1: Ejecutar slaticket
2024-06-05 20:12:36 [@ULSA-B103-P01]
Interno #1: Nada que ejecutar
2024-06-05 20:12:41 [@ULSA-B103-P01]
Interno #1: Nada que ejecutar
2024-06-05 20:12:48 [@ULSA-B103-P01]
Interno #1: Nada que ejecutar
2024-06-05 20:14:27 [@ULSA-B103-P01]
Interno #1: Ejecutar planningrecall
2024-06-05 20:16:47 [@ULSA-B103-P01]
Interno #1: Ejecutar queuednotification
2024-06-05 20:28:21 [@ULSA-B103-P01]
Interno #1: Ejecutar olaticket
2024-06-05 20:28:21 [@ULSA-B103-P01]
Interno #1: Ejecutar graph
2024-06-05 20:31:26 [@ULSA-B103-P01]
Interno #1: Ejecutar reservation
2024-06-05 20:33:53 [@ULSA-B103-P01]
Interno #1: Ejecutar slaticket
2024-06-05 20:33:57 [@ULSA-B103-P01]
Interno #1: Ejecutar queuednotification
2024-06-05 20:34:47 [@ULSA-B103-P01]
Interno #1: Ejecutar RecurrentItems
2024-06-05 20:39:07 [@ULSA-B103-P01]
Interno #1: Ejecutar planningrecall
2024-06-05 20:39:11 [@ULSA-B103-P01]
Interno #1: Ejecutar temp
2024-06-05 20:39:13 [@ULSA-B103-P01]
Interno #1: Ejecutar mailgate
2024-06-05 20:50:01 [@ULSA-B103-P01]
Interno #1: Ejecutar olaticket
2024-06-05 20:50:06 [@ULSA-B103-P01]
Interno #1: Ejecutar queuednotification
2024-06-05 20:50:08 [@ULSA-B103-P01]
Interno #1: Ejecutar slaticket
2024-06-05 20:50:35 [@ULSA-B103-P01]
Interno #1: Ejecutar planningrecall
2024-06-05 20:52:50 [@ULSA-B103-P01]
Interno #1: Ejecutar mailgate
2024-06-05 20:58:06 [@ULSA-B103-P01]
Interno #1: Ejecutar queuednotification
2024-06-05 20:58:16 [@ULSA-B103-P01]
Interno #1: Ejecutar slaticket
2024-06-05 20:58:53 [@ULSA-B103-P01]
Interno #1: Ejecutar planningrecall
2024-06-05 20:58:56 [@ULSA-B103-P01]
Interno #1: Ejecutar olaticket
2024-06-05 20:59:13 [@ULSA-B103-P01]
Interno #1: Ejecutar queuednotification
2024-06-05 20:59:17 [@ULSA-B103-P01]
Interno #1: Nada que ejecutar
2024-06-05 20:59:39 [@ULSA-B103-P01]
Interno #1: Nada que ejecutar
2024-06-05 20:59:42 [@ULSA-B103-P01]
Interno #1: Nada que ejecutar
2024-06-05 20:59:44 [@ULSA-B103-P01]
Interno #1: Nada que ejecutar
2024-06-05 20:59:46 [@ULSA-B103-P01]
Interno #1: Nada que ejecutar
2024-06-05 20:59:51 [@ULSA-B103-P01]
Interno #1: Nada que ejecutar
2024-06-05 21:00:01 [@ULSA-B103-P01]
Interno #1: Ejecutar queuednotification
2024-06-05 21:00:04 [@ULSA-B103-P01]
Interno #1: Nada que ejecutar
2024-06-05 21:00:07 [@ULSA-B103-P01]
Interno #1: Nada que ejecutar
2024-06-05 21:00:29 [@ULSA-B103-P01]
Interno #1: Nada que ejecutar
2024-06-05 21:00:32 [@ULSA-B103-P01]
Interno #1: Nada que ejecutar
2024-06-05 21:01:19 [@ULSA-B103-P01]
Interno #1: Ejecutar queuednotification
2024-06-05 21:01:22 [@ULSA-B103-P01]
Interno #1: Nada que ejecutar
2024-06-05 21:01:24 [@ULSA-B103-P01]
Interno #1: Nada que ejecutar
2024-06-05 21:01:27 [@ULSA-B103-P01]
Interno #1: Nada que ejecutar
2024-06-05 21:01:29 [@ULSA-B103-P01]
Interno #1: Nada que ejecutar
2024-06-06 17:19:07 [@ULSA-B103-P01]
Interno #1: Ejecutar mailgate
2024-06-08 19:07:09 [@ULSA-B103-P01]
Interno #1: Ejecutar queuednotification
2024-06-08 19:09:00 [@ULSA-B103-P01]
Interno #1: Ejecutar slaticket
2024-06-08 19:17:14 [2@ULSA-B103-P01]
Interno #1: Lanzar planningrecall
2024-06-08 21:12:41 [@ULSA-B103-P01]
Interno #1: Ejecutar olaticket
2024-06-08 22:01:54 [@ULSA-B103-P01]
Interno #1: Ejecutar graph
2024-06-08 22:08:38 [2@ULSA-B103-P01]
Interno #1: Lanzar reservation
2024-06-08 22:27:55 [2@ULSA-B103-P01]
Interno #1: Lanzar RecurrentItems
2024-06-17 16:28:44 [@ULSA-B103-P01]
Interno #1: Ejecutar temp
2024-06-17 16:45:07 [2@ULSA-B103-P01]
Interno #1: Lanzar closeticket
2024-06-17 17:04:59 [2@ULSA-B103-P01]
Interno #1: Lanzar alertnotclosed
2024-06-17 17:10:10 [2@ULSA-B103-P01]
Interno #1: Lanzar infocom
2024-06-17 17:16:51 [2@ULSA-B103-P01]
Interno #1: Lanzar mailgate
2024-06-17 17:30:21 [2@ULSA-B103-P01]
Interno #1: Lanzar session
2024-06-17 17:39:56 [2@ULSA-B103-P01]
Interno #1: Lanzar createinquest
2024-06-17 17:47:14 [@ULSA-B103-P01]
Interno #1: Ejecutar watcher
2024-06-18 15:27:00 [2@ULSA-B103-P01]
Interno #1: Lanzar queuednotificationclean
2024-06-18 15:36:54 [2@ULSA-B103-P01]
Interno #1: Lanzar mailgateerror
2024-06-19 20:18:11 [2@ULSA-B103-P01]
Interno #1: Ejecutar certificate
2024-06-19 21:49:19 [@ULSA-B103-P01]
Interno #1: Ejecutar contract
2024-06-20 16:18:38 [@ULSA-B103-P01]
Interno #1: Ejecutar queuednotification
2024-06-20 16:24:23 [@ULSA-B103-P01]
Interno #1: Ejecutar slaticket
2024-06-20 16:25:02 [@ULSA-B103-P01]
Interno #1: Ejecutar planningrecall
2024-06-20 16:25:42 [@ULSA-B103-P01]
Interno #1: Ejecutar olaticket
2024-06-20 16:25:45 [@ULSA-B103-P01]
Interno #1: Ejecutar graph
2024-06-20 16:25:46 [@ULSA-B103-P01]
Interno #1: Ejecutar reservation
2024-06-20 16:28:32 [@ULSA-B103-P01]
Interno #1: Ejecutar RecurrentItems
2024-06-20 16:32:39 [@ULSA-B103-P01]
Interno #1: Ejecutar mailgate
2024-06-20 16:33:28 [@ULSA-B103-P01]
Interno #1: Ejecutar temp
2024-06-20 16:33:42 [@ULSA-B103-P01]
Interno #1: Ejecutar closeticket
2024-06-20 16:35:26 [@ULSA-B103-P01]
Interno #1: Ejecutar alertnotclosed
2024-06-20 16:43:12 [@ULSA-B103-P01]
Interno #1: Ejecutar infocom
2024-06-20 16:43:14 [@ULSA-B103-P01]
Interno #1: Ejecutar session
2024-06-20 16:43:16 [@ULSA-B103-P01]
Interno #1: Ejecutar createinquest
2024-06-20 16:43:24 [@ULSA-B103-P01]
Interno #1: Ejecutar watcher
2024-06-20 16:43:38 [@ULSA-B103-P01]
Interno #1: Ejecutar queuednotificationclean
2024-06-20 16:43:55 [@ULSA-B103-P01]
Interno #1: Ejecutar mailgateerror
2024-06-20 16:44:14 [@ULSA-B103-P01]
Interno #1: Ejecutar queuednotification
2024-06-20 16:44:30 [@ULSA-B103-P01]
Interno #1: Ejecutar slaticket
2024-06-20 16:47:04 [@ULSA-B103-P01]
Interno #1: Ejecutar planningrecall
2024-06-20 16:47:08 [@ULSA-B103-P01]
Interno #1: Ejecutar olaticket
2024-06-20 16:52:04 [@ULSA-B103-P01]
Interno #1: Ejecutar mailgate
2024-06-20 16:52:35 [@ULSA-B103-P01]
Interno #1: Ejecutar queuednotification
2024-06-20 16:52:40 [@ULSA-B103-P01]
Interno #1: Ejecutar slaticket
2024-06-20 16:53:23 [@ULSA-B103-P01]
Interno #1: Ejecutar planningrecall
2024-06-20 16:54:04 [@ULSA-B103-P01]
Interno #1: Ejecutar olaticket
2024-06-20 16:59:20 [@ULSA-B103-P01]
Interno #1: Ejecutar queuednotification
2024-06-20 16:59:22 [@ULSA-B103-P01]
Interno #1: Ejecutar slaticket
2024-06-20 16:59:26 [@ULSA-B103-P01]
Interno #1: Ejecutar planningrecall
2024-06-20 16:59:28 [@ULSA-B103-P01]
Interno #1: Ejecutar olaticket
2024-06-20 16:59:55 [@ULSA-B103-P01]
Interno #1: Nada que ejecutar
2024-06-20 16:59:58 [@ULSA-B103-P01]
Interno #1: Nada que ejecutar
2024-06-20 17:00:28 [@ULSA-B103-P01]
Interno #1: Ejecutar queuednotification
2024-06-20 17:00:50 [@ULSA-B103-P01]
Interno #1: Nada que ejecutar
2024-06-20 17:00:53 [@ULSA-B103-P01]
Interno #1: Nada que ejecutar
2024-06-20 17:00:56 [@ULSA-B103-P01]
Interno #1: Nada que ejecutar
2024-06-20 17:00:57 [@ULSA-B103-P01]
Interno #1: Nada que ejecutar
2024-06-20 17:01:28 [@ULSA-B103-P01]
Interno #1: Ejecutar queuednotification
2024-06-20 17:08:36 [2@ULSA-B103-P01]
Interno #1: Ejecutar mailgate
2024-06-20 17:10:22 [@ULSA-B103-P01]
Interno #1: Ejecutar queuednotification
2024-06-20 17:37:01 [2@ULSA-B103-P01]
Interno #1: Ejecutar slaticket
2024-06-20 20:51:14 [@ULSA-B103-P01]
Interno #1: Lanzar planningrecall
2024-06-25 15:41:48 [@ULSA-B103-P01]
Interno #1: Ejecutar olaticket
2024-06-25 15:48:16 [@ULSA-B103-P01]
Interno #1: Ejecutar queuednotification
2024-06-25 15:53:40 [@ULSA-B103-P01]
Interno #1: Ejecutar mailgate
2024-06-25 16:05:58 [2@ULSA-B103-P01]
Interno #1: Ejecutar graph
2024-06-25 16:12:53 [2@ULSA-B103-P01]
Interno #1: Ejecutar reservation
2024-06-25 19:40:17 [2@ULSA-B103-P01]
Interno #1: Ejecutar RecurrentItems
2024-06-26 22:03:33 [@ULSA-B103-P01]
Interno #1: Ejecutar temp
2024-06-27 22:13:28 [@ULSA-B103-P01]
Interno #1: Ejecutar slaticket
2024-06-27 22:43:22 [2@ULSA-B103-P01]
Interno #1: Ejecutar certificate
2024-06-27 22:49:12 [2@ULSA-B103-P01]
Interno #1: Ejecutar planningrecall
2024-06-28 16:31:07 [@ULSA-B103-P01]
Interno #1: Ejecutar contract
2024-06-28 16:53:39 [@ULSA-B103-P01]
Interno #1: Ejecutar closeticket
2024-06-28 16:53:48 [@ULSA-B103-P01]
Interno #1: Ejecutar alertnotclosed
2024-06-28 17:06:58 [@ULSA-B103-P01]
Interno #1: Ejecutar infocom
2024-06-28 17:07:11 [@ULSA-B103-P01]
Interno #1: Ejecutar session
2024-06-28 17:07:13 [@ULSA-B103-P01]
Interno #1: Ejecutar createinquest
2024-06-28 17:07:32 [@ULSA-B103-P01]
Interno #1: Ejecutar watcher
2024-06-28 17:09:35 [@ULSA-B103-P01]
Interno #1: Ejecutar queuednotificationclean
2024-06-28 17:15:00 [@ULSA-B103-P01]
Interno #1: Ejecutar mailgateerror
2024-06-28 17:25:20 [@ULSA-B103-P01]
Interno #1: Ejecutar olaticket
2024-06-28 17:26:14 [@ULSA-B103-P01]
Interno #1: Ejecutar queuednotification
2024-06-28 17:27:08 [@ULSA-B103-P01]
Interno #1: Ejecutar mailgate
2024-06-28 17:34:49 [@ULSA-B103-P01]
Interno #1: Ejecutar graph
2024-06-28 17:34:52 [@ULSA-B103-P01]
Interno #1: Ejecutar reservation
2024-06-28 17:35:21 [@ULSA-B103-P01]
Interno #1: Ejecutar RecurrentItems
2024-06-28 17:35:43 [@ULSA-B103-P01]
Interno #1: Ejecutar temp
2024-06-28 17:35:58 [@ULSA-B103-P01]
Interno #1: Ejecutar slaticket
2024-06-28 19:24:55 [@ULSA-B103-P01]
Interno #1: Ejecutar planningrecall
2024-06-28 19:24:57 [@ULSA-B103-P01]
Interno #1: Ejecutar queuednotification
2024-06-28 19:30:01 [@ULSA-B103-P01]
Interno #1: Ejecutar olaticket
2024-06-28 19:30:03 [@ULSA-B103-P01]
Interno #1: Ejecutar mailgate
2024-06-28 19:30:07 [@ULSA-B103-P01]
Interno #1: Ejecutar slaticket
2024-06-28 19:30:58 [@ULSA-B103-P01]
Interno #1: Ejecutar graph
2024-06-28 19:31:00 [@ULSA-B103-P01]
Interno #1: Ejecutar reservation
2024-06-28 19:31:03 [@ULSA-B103-P01]
Interno #1: Ejecutar RecurrentItems
2024-06-28 19:31:51 [@ULSA-B103-P01]
Interno #1: Ejecutar temp
2024-06-28 19:31:53 [@ULSA-B103-P01]
Interno #1: Ejecutar queuednotification
2024-06-28 19:32:50 [@ULSA-B103-P01]
Interno #1: Ejecutar planningrecall
2024-06-28 19:32:53 [@ULSA-B103-P01]
Interno #1: Ejecutar queuednotification
2024-06-28 19:32:55 [@ULSA-B103-P01]
Interno #1: Nada que ejecutar
2024-06-28 19:33:05 [@ULSA-B103-P01]
Interno #1: Ejecutar queuednotification
2024-06-28 19:33:08 [@ULSA-B103-P01]
Interno #1: Nada que ejecutar
2024-06-28 19:33:44 [@ULSA-B103-P01]
Interno #1: Nada que ejecutar
2024-06-28 19:33:45 [@ULSA-B103-P01]
Interno #1: Nada que ejecutar
2024-06-28 19:33:49 [@ULSA-B103-P01]
Interno #1: Nada que ejecutar
2024-06-28 19:34:00 [@ULSA-B103-P01]
Interno #1: Ejecutar queuednotification
2024-06-28 19:34:02 [@ULSA-B103-P01]
Interno #1: Nada que ejecutar
2024-06-28 19:34:04 [@ULSA-B103-P01]
Interno #1: Nada que ejecutar
2024-06-28 19:34:18 [@ULSA-B103-P01]
Interno #1: Nada que ejecutar
2024-06-28 19:38:19 [@ULSA-B103-P01]
Interno #1: Ejecutar slaticket
2024-06-28 20:05:13 [2@ULSA-B103-P01]
Interno #1: Ejecutar queuednotification
2024-06-28 20:10:37 [2@ULSA-B103-P01]
Interno #1: Ejecutar olaticket
2024-06-28 20:20:07 [2@ULSA-B103-P01]
Interno #1: Ejecutar planningrecall
2024-06-28 20:30:46 [2@ULSA-B103-P01]
Interno #1: Ejecutar mailgate
2024-06-28 20:40:45 [2@ULSA-B103-P01]
Interno #1: Ejecutar slaticket
2024-06-29 14:30:15 [@ULSA-B103-P01]
Interno #1: Ejecutar queuednotification
2024-06-29 14:39:18 [2@ULSA-B103-P01]
Interno #1: Ejecutar olaticket
