2024-06-04 14:25:06 [@ULSA-B103-P01]
[login] 3: glpi  inicio de sesión desde IP ::1
2024-06-04 17:54:38 [@ULSA-B103-P01]
[login] 3: Fallo en el acceso de  desde la IP ::1
2024-06-05 20:08:13 [@ULSA-B103-P01]
[login] 3: Fallo en el acceso de  desde la IP ::1
2024-06-05 20:08:23 [@ULSA-B103-P01]
[login] 3: Fallo en el acceso de  desde la IP ::1
2024-06-05 20:08:30 [@ULSA-B103-P01]
[login] 3: Fallo en el acceso de  desde la IP ::1
2024-06-05 20:10:44 [@ULSA-B103-P01]
[login] 3: Fallo en el acceso de  desde la IP ::1
2024-06-05 20:10:49 [@ULSA-B103-P01]
[login] 3: Fallo en el acceso de  desde la IP ::1
2024-06-05 20:12:39 [@ULSA-B103-P01]
[login] 3: Fallo en el acceso de  desde la IP ::1
2024-06-05 20:12:47 [@ULSA-B103-P01]
[login] 3: Fallo en el acceso de  desde la IP ::1
2024-06-05 20:12:54 [@ULSA-B103-P01]
[login] 3: glpi  inicio de sesión desde IP ::1
2024-06-05 20:16:45 [@ULSA-B103-P01]
[login] 3: Fallo en el acceso de  desde la IP ::1
2024-06-05 20:31:13 [@ULSA-B103-P01]
[login] 3: Fallo en el acceso de  desde la IP ::1
2024-06-05 20:33:51 [@ULSA-B103-P01]
[login] 3: Fallo en el acceso de  desde la IP ::1
2024-06-05 20:33:55 [@ULSA-B103-P01]
[login] 3: Fallo en el acceso de  desde la IP ::1
2024-06-05 20:34:45 [@ULSA-B103-P01]
[login] 3: Fallo en el acceso de  desde la IP ::1
2024-06-05 20:39:09 [@ULSA-B103-P01]
[login] 3: Fallo en el acceso de  desde la IP ::1
2024-06-05 20:39:12 [@ULSA-B103-P01]
[login] 3: Fallo en el acceso de  desde la IP ::1
2024-06-05 20:50:04 [@ULSA-B103-P01]
[login] 3: Fallo en el acceso de  desde la IP ::1
2024-06-05 20:50:07 [@ULSA-B103-P01]
[login] 3: Fallo en el acceso de  desde la IP ::1
2024-06-05 20:52:48 [@ULSA-B103-P01]
[login] 3: Fallo en el acceso de  desde la IP ::1
2024-06-05 20:58:54 [@ULSA-B103-P01]
[login] 3: Fallo en el acceso de  desde la IP ::1
2024-06-05 20:59:15 [@ULSA-B103-P01]
[login] 3: Fallo en el acceso de  desde la IP ::1
2024-06-05 20:59:40 [@ULSA-B103-P01]
[login] 3: Fallo en el acceso de  desde la IP ::1
2024-06-05 20:59:43 [@ULSA-B103-P01]
[login] 3: Fallo en el acceso de  desde la IP ::1
2024-06-05 20:59:45 [@ULSA-B103-P01]
[login] 3: Fallo en el acceso de  desde la IP ::1
2024-06-05 20:59:49 [@ULSA-B103-P01]
[login] 3: Fallo en el acceso de  desde la IP ::1
2024-06-05 21:00:02 [@ULSA-B103-P01]
[login] 3: Fallo en el acceso de  desde la IP ::1
2024-06-05 21:00:05 [@ULSA-B103-P01]
[login] 3: Fallo en el acceso de  desde la IP ::1
2024-06-05 21:00:31 [@ULSA-B103-P01]
[login] 3: Fallo en el acceso de  desde la IP ::1
2024-06-05 21:01:20 [@ULSA-B103-P01]
[login] 3: Fallo en el acceso de  desde la IP ::1
2024-06-05 21:01:23 [@ULSA-B103-P01]
[login] 3: Fallo en el acceso de  desde la IP ::1
2024-06-05 21:01:25 [@ULSA-B103-P01]
[login] 3: Fallo en el acceso de  desde la IP ::1
2024-06-05 21:01:28 [@ULSA-B103-P01]
[login] 3: Fallo en el acceso de  desde la IP ::1
2024-06-08 19:10:35 [@ULSA-B103-P01]
[login] 3: glpi  inicio de sesión desde IP ::1
2024-06-08 22:03:01 [@ULSA-B103-P01]
[login] 3: glpi  inicio de sesión desde IP ::1
2024-06-17 16:29:01 [@ULSA-B103-P01]
[login] 3: glpi  inicio de sesión desde IP ::1
2024-06-17 17:47:38 [@ULSA-B103-P01]
[login] 3: glpi  inicio de sesión desde IP ::1
2024-06-18 15:15:03 [@ULSA-B103-P01]
[login] 3: glpi  inicio de sesión desde IP ::1
2024-06-19 19:50:55 [@ULSA-B103-P01]
[login] 3: glpi  inicio de sesión desde IP ::1
2024-06-20 16:35:54 [@ULSA-B103-P01]
[login] 3: glpi  inicio de sesión desde IP ::1
2024-06-20 16:46:57 [@ULSA-B103-P01]
[login] 3: glpi  inicio de sesión desde IP ::1
2024-06-20 16:47:06 [@ULSA-B103-P01]
[login] 3: Fallo en el acceso de  desde la IP ::1
2024-06-20 16:52:02 [@ULSA-B103-P01]
[login] 3: Fallo en el acceso de  desde la IP ::1
2024-06-20 16:52:36 [@ULSA-B103-P01]
[login] 3: Fallo en el acceso de  desde la IP ::1
2024-06-20 16:53:12 [@ULSA-B103-P01]
[login] 3: Fallo en el acceso de  desde la IP ::1
2024-06-20 16:54:00 [@ULSA-B103-P01]
[login] 3: Fallo en el acceso de  desde la IP ::1
2024-06-20 16:59:23 [@ULSA-B103-P01]
[login] 3: Fallo en el acceso de  desde la IP ::1
2024-06-20 16:59:26 [@ULSA-B103-P01]
[login] 3: Fallo en el acceso de  desde la IP ::1
2024-06-20 16:59:56 [@ULSA-B103-P01]
[login] 3: Fallo en el acceso de  desde la IP ::1
2024-06-20 17:00:26 [@ULSA-B103-P01]
[login] 3: Fallo en el acceso de  desde la IP ::1
2024-06-20 17:00:35 [@ULSA-B103-P01]
[login] 3: glpi  inicio de sesión desde IP ::1
2024-06-20 17:01:03 [@ULSA-B103-P01]
[login] 3: glpi  inicio de sesión desde IP ::1
2024-06-20 17:01:35 [@ULSA-B103-P01]
[login] 3: glpi  inicio de sesión desde IP ::1
2024-06-20 17:17:43 [@ULSA-B103-P01]
[login] 3: glpi  inicio de sesión desde IP ::1
2024-06-25 15:41:32 [@ULSA-B103-P01]
[login] 3: glpi  inicio de sesión desde IP ::1
2024-06-25 15:53:38 [@ULSA-B103-P01]
[login] 3: Fallo en el acceso de  desde la IP ::1
2024-06-25 15:53:45 [@ULSA-B103-P01]
[login] 3: glpi  inicio de sesión desde IP ::1
2024-06-26 22:03:39 [@ULSA-B103-P01]
[login] 3: glpi  inicio de sesión desde IP ::1
2024-06-27 22:13:36 [@ULSA-B103-P01]
[login] 3: glpi  inicio de sesión desde IP ::1
2024-06-28 17:09:57 [@ULSA-B103-P01]
[login] 3: glpi  inicio de sesión desde IP ::1
2024-06-28 19:24:23 [@ULSA-B103-P01]
[login] 3: glpi  inicio de sesión desde IP ::1
2024-06-28 19:24:56 [@ULSA-B103-P01]
[login] 3: Fallo en el acceso de  desde la IP ::1
2024-06-28 19:29:59 [@ULSA-B103-P01]
[login] 3: Fallo en el acceso de  desde la IP ::1
2024-06-28 19:30:05 [@ULSA-B103-P01]
[login] 3: Fallo en el acceso de  desde la IP ::1
2024-06-28 19:31:01 [@ULSA-B103-P01]
[login] 3: Fallo en el acceso de  desde la IP ::1
2024-06-28 19:31:49 [@ULSA-B103-P01]
[login] 3: Fallo en el acceso de  desde la IP ::1
2024-06-28 19:31:52 [@ULSA-B103-P01]
[login] 3: Fallo en el acceso de  desde la IP ::1
2024-06-28 19:32:51 [@ULSA-B103-P01]
[login] 3: Fallo en el acceso de  desde la IP ::1
2024-06-28 19:32:53 [@ULSA-B103-P01]
[login] 3: Fallo en el acceso de  desde la IP ::1
2024-06-28 19:33:06 [@ULSA-B103-P01]
[login] 3: Fallo en el acceso de  desde la IP ::1
2024-06-28 19:33:12 [@ULSA-B103-P01]
[login] 3: glpi  inicio de sesión desde IP ::1
2024-06-28 19:33:47 [@ULSA-B103-P01]
[login] 3: Fallo en el acceso de  desde la IP ::1
2024-06-28 19:34:00 [@ULSA-B103-P01]
[login] 3: Fallo en el acceso de  desde la IP ::1
2024-06-28 19:34:03 [@ULSA-B103-P01]
[login] 3: Fallo en el acceso de  desde la IP ::1
2024-06-28 19:34:06 [@ULSA-B103-P01]
[login] 3: Fallo en el acceso de  desde la IP ::1
2024-06-28 19:34:23 [@ULSA-B103-P01]
[login] 3: glpi  inicio de sesión desde IP ::1
2024-06-28 19:38:36 [@ULSA-B103-P01]
[login] 3: glpi  inicio de sesión desde IP ::1
2024-06-29 14:28:36 [@ULSA-B103-P01]
[login] 3: glpi  inicio de sesión desde IP ::1
2024-06-29 14:30:22 [@ULSA-B103-P01]
[login] 3: glpi  inicio de sesión desde IP ::1
2024-07-08 15:20:45 [@ULSA-B103-P01]
[login] 3: Fallo en el acceso de glpi desde la IP ::1
2024-07-08 15:20:51 [@ULSA-B103-P01]
[login] 3: glpi  inicio de sesión desde IP ::1
2024-07-08 16:29:20 [@ULSA-B103-P01]
[login] 3: glpi  inicio de sesión desde IP ::1
2024-07-12 19:57:51 [@ULSA-B103-P01]
[login] 3: glpi  inicio de sesión desde IP ::1
2024-07-15 16:45:55 [@ULSA-B103-P01]
[login] 3: glpi  inicio de sesión desde IP ::1
2024-07-15 17:05:41 [@ULSA-B103-P01]
[login] 3: glpi  inicio de sesión desde IP ::1
2024-07-15 17:16:32 [@ULSA-B103-P01]
[login] 3: glpi  inicio de sesión desde IP ::1
2024-07-15 17:40:50 [@ULSA-B103-P01]
[login] 3: glpi  inicio de sesión desde IP ::1
2024-07-17 22:25:02 [@ULSA-B103-P01]
[login] 3: glpi  inicio de sesión desde IP ::1
2024-07-17 22:26:13 [@ULSA-B103-P01]
[login] 3: glpi  inicio de sesión desde IP ::1
2024-07-17 22:30:29 [2@ULSA-B103-P01]
[setup] [Plugin 92] 3: El complemento Gestión de objetos ha sido instalado por glpi (2).
2024-07-17 22:30:31 [2@ULSA-B103-P01]
[setup] [Plugin 93] 3: El complemento Gestión de objetos ha sido activado por glpi (2).
2024-07-17 22:34:04 [@ULSA-B103-P01]
[login] 3: glpi  inicio de sesión desde IP ::1
2024-07-17 22:42:33 [@ULSA-B103-P01]
[login] 3: glpi inicia sesión desde la IP ::1
2024-07-17 22:43:26 [@ULSA-B103-P01]
[login] 3: glpi inicia sesión desde la IP ::1
2024-07-17 22:57:14 [@ULSA-B103-P01]
[login] 3: glpi inicia sesión desde la IP ::1
2024-07-18 14:27:45 [@ULSA-B103-P01]
[login] 3: glpi  inicio de sesión desde IP ::1
2024-07-30 22:04:40 [@ULSA-B103-P01]
[login] 3: glpi  inicio de sesión desde IP ::1
2024-07-30 22:05:46 [@ULSA-B103-P01]
[login] 3: glpi inicia sesión desde la IP ::1
2024-07-30 22:07:26 [@ULSA-B103-P01]
[login] 3: glpi  inicio de sesión desde IP ::1
2024-07-31 17:02:11 [@ULSA-B103-P01]
[login] 3: glpi  inicio de sesión desde IP ::1
2024-08-01 19:14:14 [@ULSA-B103-P01]
[login] 3: glpi  inicio de sesión desde IP ::1
2024-08-07 17:02:35 [@ULSA-B103-P01]
[login] 3: glpi  inicio de sesión desde IP ::1
2024-08-13 14:53:30 [@ULSA-B103-P01]
[login] 3: glpi  inicio de sesión desde IP ::1
2024-08-17 19:18:38 [@ULSA-B103-P01]
[login] 3: glpi  inicio de sesión desde IP ::1
2024-08-24 16:16:52 [@ULSA-B103-P01]
[login] 3: glpi  inicio de sesión desde IP ::1
2024-08-24 16:28:35 [2@ULSA-B103-P01]
[setup] [Plugin 111] 3: El complemento Form Creator ha sido instalado por glpi (2).
2024-08-24 16:28:37 [2@ULSA-B103-P01]
[setup] [Plugin 112] 3: El complemento Form Creator ha sido activado por glpi (2).
2024-08-24 17:01:57 [7@ULSA-B103-P01]
[Impersonate] 3: glpi comienza a hacerse pasar por el usuario usuario
2024-08-24 17:02:06 [2@ULSA-B103-P01]
[Impersonate] 3: glpi deja de hacerse pasar por el usuario usuario
2024-08-24 17:08:48 [7@ULSA-B103-P01]
[Impersonate] 3: glpi comienza a hacerse pasar por el usuario usuario
2024-08-24 17:09:25 [2@ULSA-B103-P01]
[Impersonate] 3: glpi deja de hacerse pasar por el usuario usuario
2024-08-24 17:09:50 [@ULSA-B103-P01]
[login] 3: Fallo en el acceso de user desde la IP ::1
2024-08-24 17:09:57 [@ULSA-B103-P01]
[login] 3: Fallo en el acceso de usuario desde la IP ::1
2024-08-24 17:10:23 [@ULSA-B103-P01]
[login] 3: usuario  inicio de sesión desde IP ::1
